<?xml version="1.0" encoding="UTF-8"?>
<robot generator="Robot 4.1.3 (Python 3.7.5 on win32)" generated="20211231 21:48:34.166" rpa="true" schemaversion="2">
<suite id="s1" name="Tasks" source="c:\DATA\RPA\01-Robocorp\my-rsb-robot-2\tasks.robot">
<test id="s1-t1" name="Get">
<status status="FAIL" starttime="20211231 21:48:36.308" endtime="20211231 21:48:36.310">Task case contains no keywords.</status>
</test>
<doc>Orders robots from RobotSpareBin Industries Inc.</doc>
<status status="FAIL" starttime="20211231 21:48:34.170" endtime="20211231 21:48:36.313"/>
</suite>
<statistics>
<total>
<stat pass="0" fail="1" skip="0">All Tasks</stat>
</total>
<tag>
</tag>
<suite>
<stat pass="0" fail="1" skip="0" id="s1" name="Tasks">Tasks</stat>
</suite>
</statistics>
<errors>
</errors>
</robot>
